#
# A fatal error has been detected by the Java Runtime Environment:
#
#  Internal Error (classFileParser.cpp:3570), pid=7692, tid=308
#  Error: ShouldNotReachHere()
#
# JRE version: Java(TM) SE Runtime Environment (7.0_45-b18) (build 1.7.0_45-b18)
# Java VM: Java HotSpot(TM) 64-Bit Server VM (24.45-b08 mixed mode windows-amd64 compressed oops)
# Failed to write core dump. Minidumps are not enabled by default on client versions of Windows
#
# If you would like to submit a bug report, please visit:
#   http://bugreport.sun.com/bugreport/crash.jsp
#

---------------  T H R E A D  ---------------

Current thread (0x000000000d16f800):  JavaThread "FileSystemWatcher: files=#393 cl=groovy.lang.GroovyClassLoader@1fa62593" daemon [_thread_in_vm, id=308, stack(0x000000000b570000,0x000000000b670000)]

Stack: [0x000000000b570000,0x000000000b670000]
Java frames: (J=compiled Java code, j=interpreted, Vv=VM code)
j  java.lang.ClassLoader.defineClass1(Ljava/lang/String;[BIILjava/security/ProtectionDomain;Ljava/lang/String;)Ljava/lang/Class;+0
j  java.lang.ClassLoader.defineClass(Ljava/lang/String;[BIILjava/security/ProtectionDomain;)Ljava/lang/Class;+30
j  java.lang.ClassLoader.defineClass(Ljava/lang/String;[BII)Ljava/lang/Class;+7
j  org.springsource.loaded.ChildClassLoader.defineClass(Ljava/lang/String;[B)Ljava/lang/Class;+16
j  org.springsource.loaded.TypeRegistry.defineClass(Ljava/lang/String;[BZ)Ljava/lang/Class;+180
j  org.springsource.loaded.CurrentLiveVersion.define()V+83
j  org.springsource.loaded.CurrentLiveVersion.<init>(Lorg/springsource/loaded/ReloadableType;Ljava/lang/String;[B)V+262
j  org.springsource.loaded.ReloadableType.loadNewVersion(Ljava/lang/String;[B)Z+512
j  org.springsource.loaded.TypeRegistry.loadNewVersion(Lorg/springsource/loaded/ReloadableType;Ljava/io/File;)V+43
j  org.springsource.loaded.agent.ReloadableFileChangeListener.fileChanged(Ljava/io/File;)V+60
j  org.springsource.loaded.agent.Watcher.determineChangesSince(Ljava/io/File;J)V+5
J  org.springsource.loaded.agent.Watcher.run()V
j  java.lang.Thread.run()V+11
v  ~StubRoutines::call_stub

---------------  P R O C E S S  ---------------

Java Threads: ( => current thread )
  0x000000000aa52800 JavaThread "http-bio-8080-exec-10" daemon [_thread_blocked, id=6748, stack(0x0000000013380000,0x0000000013480000)]
  0x000000000aa51800 JavaThread "http-bio-8080-exec-9" daemon [_thread_blocked, id=10228, stack(0x0000000013190000,0x0000000013290000)]
  0x000000000aa51000 JavaThread "http-bio-8080-exec-8" daemon [_thread_blocked, id=10572, stack(0x0000000012f20000,0x0000000013020000)]
  0x000000000aa50000 JavaThread "http-bio-8080-exec-7" daemon [_thread_blocked, id=3008, stack(0x00000000100f0000,0x00000000101f0000)]
  0x000000000aa4f800 JavaThread "http-bio-8080-exec-6" daemon [_thread_blocked, id=9700, stack(0x000000000fed0000,0x000000000ffd0000)]
  0x000000000aa4e800 JavaThread "http-bio-8080-exec-5" daemon [_thread_blocked, id=9376, stack(0x000000000d9e0000,0x000000000dae0000)]
  0x000000000aa4e000 JavaThread "http-bio-8080-exec-4" daemon [_thread_blocked, id=2044, stack(0x000000000d8e0000,0x000000000d9e0000)]
  0x000000000aa4d000 JavaThread "http-bio-8080-exec-3" daemon [_thread_blocked, id=6532, stack(0x0000000012db0000,0x0000000012eb0000)]
  0x000000000aa4c800 JavaThread "DestroyJavaVM" [_thread_blocked, id=3368, stack(0x0000000002780000,0x0000000002880000)]
  0x000000000aa4b800 JavaThread "Thread-9" [_thread_blocked, id=4328, stack(0x0000000011920000,0x0000000011a20000)]
  0x000000000aa4b000 JavaThread "http-bio-8080-exec-2" daemon [_thread_blocked, id=7176, stack(0x0000000011a90000,0x0000000011b90000)]
  0x000000000aa4a000 JavaThread "http-bio-8080-exec-1" daemon [_thread_blocked, id=7268, stack(0x0000000011820000,0x0000000011920000)]
  0x000000000aa49800 JavaThread "http-bio-8080-AsyncTimeout" daemon [_thread_blocked, id=7616, stack(0x000000000dba0000,0x000000000dca0000)]
  0x000000000aa48800 JavaThread "http-bio-8080-Acceptor-0" daemon [_thread_in_native, id=8320, stack(0x00000000116c0000,0x00000000117c0000)]
  0x000000000aa47000 JavaThread "ContainerBackgroundProcessor[StandardEngine[Tomcat]]" daemon [_thread_blocked, id=7876, stack(0x00000000114a0000,0x00000000115a0000)]
  0x000000000c0dd000 JavaThread "MongoCleaner149500374" daemon [_thread_blocked, id=11048, stack(0x00000000115b0000,0x00000000116b0000)]
  0x000000000f35e000 JavaThread "security.Role.data" daemon [_thread_blocked, id=8476, stack(0x0000000011370000,0x0000000011470000)]
  0x000000000f081800 JavaThread "net.sf.ehcache.CacheManager@5f4d30be" daemon [_thread_blocked, id=10928, stack(0x0000000011270000,0x0000000011370000)]
  0x000000000ddf2800 JavaThread "PoolCleaner[530982291:1390573974762]" daemon [_thread_blocked, id=6104, stack(0x000000000ffd0000,0x00000000100d0000)]
=>0x000000000d16f800 JavaThread "FileSystemWatcher: files=#393 cl=groovy.lang.GroovyClassLoader@1fa62593" daemon [_thread_in_vm, id=308, stack(0x000000000b570000,0x000000000b670000)]
  0x000000000ec88800 JavaThread "Thread-2" [_thread_in_native, id=1564, stack(0x000000000c770000,0x000000000c870000)]
  0x000000000a7cd800 JavaThread "NonBlockingInputStreamThread" daemon [_thread_blocked, id=4960, stack(0x000000000b260000,0x000000000b360000)]
  0x0000000009fe1800 JavaThread "Service Thread" daemon [_thread_blocked, id=8500, stack(0x00000000097a0000,0x00000000098a0000)]
  0x0000000009fe0800 JavaThread "C2 CompilerThread1" daemon [_thread_blocked, id=1796, stack(0x000000000a3f0000,0x000000000a4f0000)]
  0x0000000009fda000 JavaThread "C2 CompilerThread0" daemon [_thread_blocked, id=4840, stack(0x0000000009cf0000,0x0000000009df0000)]
  0x0000000008722800 JavaThread "Attach Listener" daemon [_thread_blocked, id=1552, stack(0x0000000009e00000,0x0000000009f00000)]
  0x000000000871b800 JavaThread "Signal Dispatcher" daemon [_thread_blocked, id=8144, stack(0x0000000009be0000,0x0000000009ce0000)]
  0x00000000086c9000 JavaThread "Finalizer" daemon [_thread_blocked, id=8708, stack(0x0000000009ac0000,0x0000000009bc0000)]
  0x00000000086c0000 JavaThread "Reference Handler" daemon [_thread_blocked, id=5276, stack(0x0000000009900000,0x0000000009a00000)]

Other Threads:
  0x00000000086ba800 VMThread [stack: 0x00000000096a0000,0x00000000097a0000] [id=8512]
  0x000000000a02e000 WatcherThread [stack: 0x000000000a620000,0x000000000a720000] [id=908]

VM state:not at safepoint (normal execution)

VM Mutex/Monitor currently owned by a thread: None

Heap
 PSYoungGen      total 174592K, used 96459K [0x00000000f0000000, 0x00000000fe480000, 0x0000000100000000)
  eden space 161280K, 51% used [0x00000000f0000000,0x00000000f5150de0,0x00000000f9d80000)
  from space 13312K, 99% used [0x00000000fa280000,0x00000000faf62188,0x00000000faf80000)
  to   space 36352K, 0% used [0x00000000fc100000,0x00000000fc100000,0x00000000fe480000)
 ParOldGen       total 187904K, used 156193K [0x00000000d0000000, 0x00000000db780000, 0x00000000f0000000)
  object space 187904K, 83% used [0x00000000d0000000,0x00000000d98884f8,0x00000000db780000)
 PSPermGen       total 95232K, used 88975K [0x00000000c0000000, 0x00000000c5d00000, 0x00000000d0000000)
  object space 95232K, 93% used [0x00000000c0000000,0x00000000c56e3e98,0x00000000c5d00000)

Card table byte_map: [0x0000000005980000,0x0000000005b90000] byte_map_base: 0x0000000005380000

Polling page: 0x0000000000130000

Code Cache  [0x0000000002980000, 0x0000000003170000, 0x0000000005980000)
 total_blobs=2428 nmethods=1731 adapters=648 free_code_cache=41174Kb largest_free_block=42056000

Compilation events (10 events):
Event: 7882.642 Thread 0x0000000009fda000 2005  s          org.apache.tools.ant.types.resources.BaseResourceCollectionContainer::isFilesystemOnly (135 bytes)
Event: 7882.684 Thread 0x0000000009fda000 nmethod 2005 0x00000000030d4ad0 code [0x00000000030d4d00, 0x00000000030d6108]
Event: 7884.182 Thread 0x0000000009fe0800 2006             sun.nio.cs.UTF_8$Decoder::xflow (31 bytes)
Event: 7884.188 Thread 0x0000000009fe0800 nmethod 2006 0x00000000030e7b50 code [0x00000000030e7cc0, 0x00000000030e8018]
Event: 7884.205 Thread 0x0000000009fda000 2007             org.codehaus.groovy.ast.expr.ArgumentListExpression::visit (8 bytes)
Event: 7884.206 Thread 0x0000000009fda000 nmethod 2007 0x0000000002b8d0d0 code [0x0000000002b8d220, 0x0000000002b8d298]
Event: 7884.603 Thread 0x0000000009fe0800 2008             org.codehaus.groovy.ast.CodeVisitorSupport::visitTupleExpression (9 bytes)
Event: 7884.612 Thread 0x0000000009fe0800 nmethod 2008 0x0000000002f4df90 code [0x0000000002f4e120, 0x0000000002f4e448]
Event: 7884.678 Thread 0x0000000009fda000 2009             org.codehaus.groovy.classgen.asm.BytecodeHelper::getMethodDescriptor (59 bytes)
Event: 7884.686 Thread 0x0000000009fda000 nmethod 2009 0x0000000002f4d790 code [0x0000000002f4d940, 0x0000000002f4dc00]

GC Heap History (10 events):
Event: 7569.330 GC heap before
{Heap before GC invocations=87 (full 4):
 PSYoungGen      total 204288K, used 194336K [0x00000000f0000000, 0x00000000fec80000, 0x0000000100000000)
  eden space 168448K, 100% used [0x00000000f0000000,0x00000000fa480000,0x00000000fa480000)
  from space 35840K, 72% used [0x00000000fc980000,0x00000000fe2c8388,0x00000000fec80000)
  to   space 36864K, 0% used [0x00000000fa480000,0x00000000fa480000,0x00000000fc880000)
 ParOldGen       total 187904K, used 142088K [0x00000000d0000000, 0x00000000db780000, 0x00000000f0000000)
  object space 187904K, 75% used [0x00000000d0000000,0x00000000d8ac2100,0x00000000db780000)
 PSPermGen       total 95232K, used 87513K [0x00000000c0000000, 0x00000000c5d00000, 0x00000000d0000000)
  object space 95232K, 91% used [0x00000000c0000000,0x00000000c55764e0,0x00000000c5d00000)
Event: 7569.455 GC heap after
Heap after GC invocations=87 (full 4):
 PSYoungGen      total 205312K, used 27154K [0x00000000f0000000, 0x00000000ff880000, 0x0000000100000000)
  eden space 168448K, 0% used [0x00000000f0000000,0x00000000f0000000,0x00000000fa480000)
  from space 36864K, 73% used [0x00000000fa480000,0x00000000fbf049b0,0x00000000fc880000)
  to   space 37888K, 0% used [0x00000000fd380000,0x00000000fd380000,0x00000000ff880000)
 ParOldGen       total 187904K, used 142104K [0x00000000d0000000, 0x00000000db780000, 0x00000000f0000000)
  object space 187904K, 75% used [0x00000000d0000000,0x00000000d8ac6100,0x00000000db780000)
 PSPermGen       total 95232K, used 87513K [0x00000000c0000000, 0x00000000c5d00000, 0x00000000d0000000)
  object space 95232K, 91% used [0x00000000c0000000,0x00000000c55764e0,0x00000000c5d00000)
}
Event: 7603.380 GC heap before
{Heap before GC invocations=88 (full 4):
 PSYoungGen      total 205312K, used 195602K [0x00000000f0000000, 0x00000000ff880000, 0x0000000100000000)
  eden space 168448K, 100% used [0x00000000f0000000,0x00000000fa480000,0x00000000fa480000)
  from space 36864K, 73% used [0x00000000fa480000,0x00000000fbf049b0,0x00000000fc880000)
  to   space 37888K, 0% used [0x00000000fd380000,0x00000000fd380000,0x00000000ff880000)
 ParOldGen       total 187904K, used 142104K [0x00000000d0000000, 0x00000000db780000, 0x00000000f0000000)
  object space 187904K, 75% used [0x00000000d0000000,0x00000000d8ac6100,0x00000000db780000)
 PSPermGen       total 95232K, used 87774K [0x00000000c0000000, 0x00000000c5d00000, 0x00000000d0000000)
  object space 95232K, 92% used [0x00000000c0000000,0x00000000c55b7918,0x00000000c5d00000)
Event: 7603.502 GC heap after
Heap after GC invocations=88 (full 4):
 PSYoungGen      total 215040K, used 27981K [0x00000000f0000000, 0x00000000ff900000, 0x0000000100000000)
  eden space 177152K, 0% used [0x00000000f0000000,0x00000000f0000000,0x00000000fad00000)
  from space 37888K, 73% used [0x00000000fd380000,0x00000000feed3408,0x00000000ff880000)
  to   space 38912K, 0% used [0x00000000fad00000,0x00000000fad00000,0x00000000fd300000)
 ParOldGen       total 187904K, used 142104K [0x00000000d0000000, 0x00000000db780000, 0x00000000f0000000)
  object space 187904K, 75% used [0x00000000d0000000,0x00000000d8ac6100,0x00000000db780000)
 PSPermGen       total 95232K, used 87774K [0x00000000c0000000, 0x00000000c5d00000, 0x00000000d0000000)
  object space 95232K, 92% used [0x00000000c0000000,0x00000000c55b7918,0x00000000c5d00000)
}
Event: 7742.118 GC heap before
{Heap before GC invocations=89 (full 4):
 PSYoungGen      total 215040K, used 205133K [0x00000000f0000000, 0x00000000ff900000, 0x0000000100000000)
  eden space 177152K, 100% used [0x00000000f0000000,0x00000000fad00000,0x00000000fad00000)
  from space 37888K, 73% used [0x00000000fd380000,0x00000000feed3408,0x00000000ff880000)
  to   space 38912K, 0% used [0x00000000fad00000,0x00000000fad00000,0x00000000fd300000)
 ParOldGen       total 187904K, used 142104K [0x00000000d0000000, 0x00000000db780000, 0x00000000f0000000)
  object space 187904K, 75% used [0x00000000d0000000,0x00000000d8ac6100,0x00000000db780000)
 PSPermGen       total 95232K, used 87995K [0x00000000c0000000, 0x00000000c5d00000, 0x00000000d0000000)
  object space 95232K, 92% used [0x00000000c0000000,0x00000000c55eee90,0x00000000c5d00000)
Event: 7742.202 GC heap after
Heap after GC invocations=89 (full 4):
 PSYoungGen      total 193024K, used 21400K [0x00000000f0000000, 0x00000000ff080000, 0x0000000100000000)
  eden space 171520K, 0% used [0x00000000f0000000,0x00000000f0000000,0x00000000fa780000)
  from space 21504K, 99% used [0x00000000fad00000,0x00000000fc1e61f0,0x00000000fc200000)
  to   space 37376K, 0% used [0x00000000fcc00000,0x00000000fcc00000,0x00000000ff080000)
 ParOldGen       total 187904K, used 147988K [0x00000000d0000000, 0x00000000db780000, 0x00000000f0000000)
  object space 187904K, 78% used [0x00000000d0000000,0x00000000d9085120,0x00000000db780000)
 PSPermGen       total 95232K, used 87995K [0x00000000c0000000, 0x00000000c5d00000, 0x00000000d0000000)
  object space 95232K, 92% used [0x00000000c0000000,0x00000000c55eee90,0x00000000c5d00000)
}
Event: 7802.930 GC heap before
{Heap before GC invocations=90 (full 4):
 PSYoungGen      total 193024K, used 192920K [0x00000000f0000000, 0x00000000ff080000, 0x0000000100000000)
  eden space 171520K, 100% used [0x00000000f0000000,0x00000000fa780000,0x00000000fa780000)
  from space 21504K, 99% used [0x00000000fad00000,0x00000000fc1e61f0,0x00000000fc200000)
  to   space 37376K, 0% used [0x00000000fcc00000,0x00000000fcc00000,0x00000000ff080000)
 ParOldGen       total 187904K, used 147988K [0x00000000d0000000, 0x00000000db780000, 0x00000000f0000000)
  object space 187904K, 78% used [0x00000000d0000000,0x00000000d9085120,0x00000000db780000)
 PSPermGen       total 95232K, used 88281K [0x00000000c0000000, 0x00000000c5d00000, 0x00000000d0000000)
  object space 95232K, 92% used [0x00000000c0000000,0x00000000c56367c0,0x00000000c5d00000)
Event: 7803.022 GC heap after
Heap after GC invocations=90 (full 4):
 PSYoungGen      total 197632K, used 14983K [0x00000000f0000000, 0x00000000fea80000, 0x0000000100000000)
  eden space 166400K, 0% used [0x00000000f0000000,0x00000000f0000000,0x00000000fa280000)
  from space 31232K, 47% used [0x00000000fcc00000,0x00000000fdaa1dc8,0x00000000fea80000)
  to   space 36864K, 0% used [0x00000000fa280000,0x00000000fa280000,0x00000000fc680000)
 ParOldGen       total 187904K, used 155641K [0x00000000d0000000, 0x00000000db780000, 0x00000000f0000000)
  object space 187904K, 82% used [0x00000000d0000000,0x00000000d97fe4f8,0x00000000db780000)
 PSPermGen       total 95232K, used 88281K [0x00000000c0000000, 0x00000000c5d00000, 0x00000000d0000000)
  object space 95232K, 92% used [0x00000000c0000000,0x00000000c56367c0,0x00000000c5d00000)
}
Event: 7824.903 GC heap before
{Heap before GC invocations=91 (full 4):
 PSYoungGen      total 197632K, used 181383K [0x00000000f0000000, 0x00000000fea80000, 0x0000000100000000)
  eden space 166400K, 100% used [0x00000000f0000000,0x00000000fa280000,0x00000000fa280000)
  from space 31232K, 47% used [0x00000000fcc00000,0x00000000fdaa1dc8,0x00000000fea80000)
  to   space 36864K, 0% used [0x00000000fa280000,0x00000000fa280000,0x00000000fc680000)
 ParOldGen       total 187904K, used 155641K [0x00000000d0000000, 0x00000000db780000, 0x00000000f0000000)
  object space 187904K, 82% used [0x00000000d0000000,0x00000000d97fe4f8,0x00000000db780000)
 PSPermGen       total 95232K, used 88520K [0x00000000c0000000, 0x00000000c5d00000, 0x00000000d0000000)
  object space 95232K, 92% used [0x00000000c0000000,0x00000000c56723d8,0x00000000c5d00000)
Event: 7825.007 GC heap after
Heap after GC invocations=91 (full 4):
 PSYoungGen      total 174592K, used 13192K [0x00000000f0000000, 0x00000000fe480000, 0x0000000100000000)
  eden space 161280K, 0% used [0x00000000f0000000,0x00000000f0000000,0x00000000f9d80000)
  from space 13312K, 99% used [0x00000000fa280000,0x00000000faf62188,0x00000000faf80000)
  to   space 36352K, 0% used [0x00000000fc100000,0x00000000fc100000,0x00000000fe480000)
 ParOldGen       total 187904K, used 156193K [0x00000000d0000000, 0x00000000db780000, 0x00000000f0000000)
  object space 187904K, 83% used [0x00000000d0000000,0x00000000d98884f8,0x00000000db780000)
 PSPermGen       total 95232K, used 88520K [0x00000000c0000000, 0x00000000c5d00000, 0x00000000d0000000)
  object space 95232K, 92% used [0x00000000c0000000,0x00000000c56723d8,0x00000000c5d00000)
}

Deoptimization events (10 events):
Event: 7601.045 Thread 0x000000000aa4b800 Uncommon trap: reason=null_check action=make_not_entrant pc=0x0000000003117f94 method=org.codehaus.groovy.control.OptimizerVisitor.setConstField(Lorg/codehaus/groovy/ast/expr/ConstantExpression;)V @ 6
Event: 7749.488 Thread 0x000000000aa4d000 Uncommon trap: reason=class_check action=maybe_recompile pc=0x0000000002de7d80 method=java.util.HashMap.removeEntryForKey(Ljava/lang/Object;)Ljava/util/HashMap$Entry; @ 85
Event: 7749.488 Thread 0x000000000aa4d000 Uncommon trap: reason=class_check action=maybe_recompile pc=0x0000000002de7d80 method=java.util.HashMap.removeEntryForKey(Ljava/lang/Object;)Ljava/util/HashMap$Entry; @ 85
Event: 7749.488 Thread 0x000000000aa4d000 Uncommon trap: reason=class_check action=maybe_recompile pc=0x0000000002de7d80 method=java.util.HashMap.removeEntryForKey(Ljava/lang/Object;)Ljava/util/HashMap$Entry; @ 85
Event: 7807.313 Thread 0x000000000aa4d000 Uncommon trap: reason=class_check action=maybe_recompile pc=0x0000000003137f2c method=java.lang.reflect.Array.newInstance(Ljava/lang/Class;I)Ljava/lang/Object; @ 2
Event: 7807.314 Thread 0x000000000aa4d000 Uncommon trap: reason=class_check action=maybe_recompile pc=0x0000000003137f2c method=java.lang.reflect.Array.newInstance(Ljava/lang/Class;I)Ljava/lang/Object; @ 2
Event: 7809.635 Thread 0x000000000aa4e800 Uncommon trap: reason=class_check action=maybe_recompile pc=0x0000000003137f2c method=java.lang.reflect.Array.newInstance(Ljava/lang/Class;I)Ljava/lang/Object; @ 2
Event: 7809.636 Thread 0x000000000aa4e800 Uncommon trap: reason=class_check action=maybe_recompile pc=0x0000000003137f2c method=java.lang.reflect.Array.newInstance(Ljava/lang/Class;I)Ljava/lang/Object; @ 2
Event: 7812.676 Thread 0x000000000aa4b000 Uncommon trap: reason=class_check action=maybe_recompile pc=0x0000000002de7d80 method=java.util.HashMap.removeEntryForKey(Ljava/lang/Object;)Ljava/util/HashMap$Entry; @ 85
Event: 7884.604 Thread 0x000000000aa4b800 Uncommon trap: reason=null_check action=make_not_entrant pc=0x00000000030e5264 method=org.codehaus.groovy.ast.AnnotationNode.getMember(Ljava/lang/String;)Lorg/codehaus/groovy/ast/expr/Expression; @ 10

Internal exceptions (10 events):
Event: 7884.556 Thread 0x000000000aa4b800 Threw 0x00000000f46670b8 at C:\re\jdk7u45\229\hotspot\src\share\vm\prims\jvm.cpp:1244
Event: 7884.556 Thread 0x000000000aa4b800 Threw 0x00000000f466a9d0 at C:\re\jdk7u45\229\hotspot\src\share\vm\prims\jvm.cpp:1244
Event: 7884.557 Thread 0x000000000aa4b800 Threw 0x00000000f4679fc8 at C:\re\jdk7u45\229\hotspot\src\share\vm\prims\jvm.cpp:1244
Event: 7884.558 Thread 0x000000000aa4b800 Threw 0x00000000f469fa10 at C:\re\jdk7u45\229\hotspot\src\share\vm\prims\jvm.cpp:1244
Event: 7884.558 Thread 0x000000000aa4b800 Threw 0x00000000f46a07c0 at C:\re\jdk7u45\229\hotspot\src\share\vm\prims\jvm.cpp:1244
Event: 7884.559 Thread 0x000000000aa4b800 Threw 0x00000000f46a3958 at C:\re\jdk7u45\229\hotspot\src\share\vm\prims\jvm.cpp:1244
Event: 7884.559 Thread 0x000000000aa4b800 Threw 0x00000000f46b0b80 at C:\re\jdk7u45\229\hotspot\src\share\vm\prims\jvm.cpp:1244
Event: 7884.561 Thread 0x000000000aa4b800 Threw 0x00000000f46d1260 at C:\re\jdk7u45\229\hotspot\src\share\vm\prims\jvm.cpp:1244
Event: 7884.604 Thread 0x000000000aa4b800 Implicit null exception at 0x00000000030e4bb7 to 0x00000000030e5259
Event: 7885.244 Thread 0x000000000aa4b000 Threw 0x00000000f0f85b90 at C:\re\jdk7u45\229\hotspot\src\share\vm\prims\jni.cpp:743

Events (10 events):
Event: 7884.551 loading class 0x000000000e6f7500 done
Event: 7884.553 loading class 0x000000000e6f7550
Event: 7884.553 loading class 0x000000000e6f7550 done
Event: 7884.556 loading class 0x000000000e6f75a0
Event: 7884.556 loading class 0x000000000e6f75a0 done
Event: 7884.558 loading class 0x000000000ecebe30
Event: 7884.558 loading class 0x000000000ecebe30 done
Event: 7884.604 Thread 0x000000000aa4b800 Uncommon trap: trap_request=0xfffffff4 fr.pc=0x00000000030e5264
Event: 7884.604 Thread 0x000000000aa4b800 DEOPT PACKING pc=0x00000000030e5264 sp=0x0000000011a1ca70
Event: 7884.604 Thread 0x000000000aa4b800 DEOPT UNPACKING pc=0x00000000029b75a4 sp=0x0000000011a1c9b0 mode 2


Dynamic libraries:
0x000000013f630000 - 0x000000013f663000 	C:\Program Files\Java\jdk1.7.0_45\bin\java.exe
0x0000000077ba0000 - 0x0000000077d49000 	C:\Windows\SYSTEM32\ntdll.dll
0x0000000077980000 - 0x0000000077a9f000 	C:\Windows\system32\kernel32.dll
0x000007fefdd10000 - 0x000007fefdd7b000 	C:\Windows\system32\KERNELBASE.dll
0x000007feff780000 - 0x000007feff85b000 	C:\Windows\system32\ADVAPI32.dll
0x000007fefde20000 - 0x000007fefdebf000 	C:\Windows\system32\msvcrt.dll
0x000007feff2a0000 - 0x000007feff2bf000 	C:\Windows\SYSTEM32\sechost.dll
0x000007feff860000 - 0x000007feff98d000 	C:\Windows\system32\RPCRT4.dll
0x0000000077aa0000 - 0x0000000077b9a000 	C:\Windows\system32\USER32.dll
0x000007feff230000 - 0x000007feff297000 	C:\Windows\system32\GDI32.dll
0x000007feff140000 - 0x000007feff14e000 	C:\Windows\system32\LPK.dll
0x000007feff6b0000 - 0x000007feff779000 	C:\Windows\system32\USP10.dll
0x000007fefc390000 - 0x000007fefc584000 	C:\Windows\WinSxS\amd64_microsoft.windows.common-controls_6595b64144ccf1df_6.0.7601.17514_none_fa396087175ac9ac\COMCTL32.dll
0x000007feff2c0000 - 0x000007feff331000 	C:\Windows\system32\SHLWAPI.dll
0x000007feffa90000 - 0x000007feffabe000 	C:\Windows\system32\IMM32.DLL
0x000007feffd40000 - 0x000007feffe49000 	C:\Windows\system32\MSCTF.dll
0x000007fefd8d0000 - 0x000007fefd910000 	C:\Windows\system32\nvinitx.dll
0x00000000607f0000 - 0x00000000608c2000 	C:\Program Files\Java\jdk1.7.0_45\jre\bin\msvcr100.dll
0x000000006e0a0000 - 0x000000006e869000 	C:\Program Files\Java\jdk1.7.0_45\jre\bin\server\jvm.dll
0x000007fef76f0000 - 0x000007fef76f9000 	C:\Windows\system32\WSOCK32.dll
0x000007feffe50000 - 0x000007feffe9d000 	C:\Windows\system32\WS2_32.dll
0x000007feffea0000 - 0x000007feffea8000 	C:\Windows\system32\NSI.dll
0x000007fefb900000 - 0x000007fefb93b000 	C:\Windows\system32\WINMM.dll
0x0000000077d70000 - 0x0000000077d77000 	C:\Windows\system32\PSAPI.DLL
0x0000000060eb0000 - 0x0000000060ebf000 	C:\Program Files\Java\jdk1.7.0_45\jre\bin\verify.dll
0x0000000060e80000 - 0x0000000060ea8000 	C:\Program Files\Java\jdk1.7.0_45\jre\bin\java.dll
0x0000000060c90000 - 0x0000000060cb3000 	C:\Program Files\Java\jdk1.7.0_45\jre\bin\instrument.dll
0x0000000060e60000 - 0x0000000060e75000 	C:\Program Files\Java\jdk1.7.0_45\jre\bin\zip.dll
0x000007fefd1a0000 - 0x000007fefd1b7000 	C:\Windows\system32\CRYPTSP.dll
0x000007fefcea0000 - 0x000007fefcee7000 	C:\Windows\system32\rsaenh.dll
0x000007fefcc60000 - 0x000007fefcc7e000 	C:\Windows\system32\USERENV.dll
0x000007fefd950000 - 0x000007fefd95f000 	C:\Windows\system32\profapi.dll
0x000007fefd800000 - 0x000007fefd80f000 	C:\Windows\system32\CRYPTBASE.dll
0x0000000060c40000 - 0x0000000060c59000 	C:\Program Files\Java\jdk1.7.0_45\jre\bin\net.dll
0x000007fefd140000 - 0x000007fefd195000 	C:\Windows\system32\mswsock.dll
0x000007fefd130000 - 0x000007fefd137000 	C:\Windows\System32\wship6.dll
0x000007fefbf20000 - 0x000007fefbf35000 	C:\Windows\system32\NLAapi.dll
0x000007fef76b0000 - 0x000007fef76c5000 	C:\Windows\system32\napinsp.dll
0x000007fef59c0000 - 0x000007fef59d9000 	C:\Windows\system32\pnrpnsp.dll
0x000007fefcfc0000 - 0x000007fefd01b000 	C:\Windows\system32\DNSAPI.dll
0x000007fef59b0000 - 0x000007fef59bb000 	C:\Windows\System32\winrnr.dll
0x0000000070dd0000 - 0x0000000070df6000 	C:\Program Files\Bonjour\mdnsNSP.dll
0x000007fefb530000 - 0x000007fefb557000 	C:\Windows\system32\Iphlpapi.DLL
0x000007fefb510000 - 0x000007fefb51b000 	C:\Windows\system32\WINNSI.DLL
0x000007fefcb20000 - 0x000007fefcb27000 	C:\Windows\System32\wshtcpip.dll
0x000007fef8410000 - 0x000007fef8418000 	C:\Windows\system32\rasadhlp.dll
0x000007fefb3f0000 - 0x000007fefb443000 	C:\Windows\System32\fwpuclnt.dll
0x0000000060b20000 - 0x0000000060b31000 	C:\Program Files\Java\jdk1.7.0_45\jre\bin\nio.dll
0x000007fefac90000 - 0x000007fefac9a000 	C:\Users\Arnaud\AppData\Local\Temp\jansi-64-8924294532931986682.dll
0x0000000060f70000 - 0x0000000060f7b000 	C:\Program Files\Java\jdk1.7.0_45\jre\bin\management.dll
0x000007fefb230000 - 0x000007fefb248000 	C:\Windows\system32\dhcpcsvc.DLL
0x000007fefb0a0000 - 0x000007fefb0b1000 	C:\Windows\system32\dhcpcsvc6.DLL

VM Arguments:
jvm_args: -Dfile.encoding=UTF-8 -Xmx768M -Xms64M -XX:MaxPermSize=256m -Dgrails.fork.active=true -Dgrails.build.execution.context=C:\Users\Arnaud\AppData\Local\Temp\gameOverflow1002053690672627679grails-execution-context -Dgrails.home=C:\grails -javaagent:C:\grails\lib\org.springsource.springloaded\springloaded-core\jars\springloaded-core-1.1.4.jar -Xverify:none -Dspringloaded.synchronize=true -Djdk.reflect.allowGetCallerClass=true -Dspringloaded=profile=grails;cacheDir=C:\Users\Arnaud\.grails\2.3.4 
java_command: org.grails.plugins.tomcat.fork.ForkedTomcatServer
Launcher Type: SUN_STANDARD

Environment Variables:
JAVA_HOME=C:\Program Files\Java\jdk1.7.0_45
PATH=C:\Program Files (x86)\NVIDIA Corporation\PhysX\Common;C:\Windows\system32;C:\Windows;C:\Windows\System32\Wbem;C:\Windows\System32\WindowsPowerShell\v1.0\;C:\Program Files (x86)\Intel\OpenCL SDK\2.0\bin\x86;C:\Program Files (x86)\Intel\OpenCL SDK\2.0\bin\x64;C:\Program Files\Intel\WiFi\bin\;C:\Program Files\Common Files\Intel\WirelessCommon\;C:\Program Files (x86)\MySQL\MySQL Utilities 1.3.4\;C:\Program Files\TortoiseSVN\bin;C:\Program Files (x86)\Calibre2\;C:\Program Files\Intel\WiFi\bin\;C:\grails\bin;C:\Program Files\Common Files\Intel\WirelessCommon\
USERNAME=Arnaud
OS=Windows_NT
PROCESSOR_IDENTIFIER=Intel64 Family 6 Model 58 Stepping 9, GenuineIntel



---------------  S Y S T E M  ---------------

OS: Windows 7 , 64 bit Build 7601 Service Pack 1

CPU:total 4 (2 cores per cpu, 2 threads per core) family 6 model 58 stepping 9, cmov, cx8, fxsr, mmx, sse, sse2, sse3, ssse3, sse4.1, sse4.2, popcnt, avx, erms, ht, tsc, tscinvbit, tscinv

Memory: 4k page, physical 4077160k(865608k free), swap 8933912k(1999512k free)

vm_info: Java HotSpot(TM) 64-Bit Server VM (24.45-b08) for windows-amd64 JRE (1.7.0_45-b18), built on Oct  8 2013 05:47:22 by "java_re" with unknown MS VC++:1600

time: Fri Jan 24 17:43:43 2014
elapsed time: 7886 seconds

